<?xml version="1.0" encoding="UTF-8"?>
<!-- Generated by org.testng.reporters.JUnitXMLReporter -->
<testsuite ignored="6" hostname="FFE-Tejas-Mohan-karale" failures="0" tests="1" name="Amazon Sign in page test" time="0.071" errors="0" timestamp="2026-06-21T18:42:34 IST">
  <testcase classname="com.amazon.basetest.BaseTest" name="@BeforeMethod baseSetUp" time="0.024">
    <failure type="java.lang.NullPointerException" message="Cannot invoke &amp;quot;com.amazon.utils.ConfigReader.getGlobalWaitValue()&amp;quot; because &amp;quot;this.configReader&amp;quot; is null">
      <![CDATA[java.lang.NullPointerException: Cannot invoke "com.amazon.utils.ConfigReader.getGlobalWaitValue()" because "this.configReader" is null
at com.amazon.base.BasePage.<init>(BasePage.java:29)
at com.amazon.basetest.BaseTest.baseSetUp(BaseTest.java:29)
at java.base/java.util.ArrayList.forEach(ArrayList.java:1604)
... Removed 29 stack frames]]>
    </failure>
  </testcase> <!-- @BeforeMethod baseSetUp -->
  <testcase classname="com.amzon.tests.SignInPageTest" name="@BeforeMethod setUpPage" time="0.002">
    <failure type="java.lang.NullPointerException" message="Cannot invoke &amp;quot;com.amazon.pages.HomePage.openRegistrationpage()&amp;quot; because &amp;quot;this.homepage&amp;quot; is null">
      <![CDATA[java.lang.NullPointerException: Cannot invoke "com.amazon.pages.HomePage.openRegistrationpage()" because "this.homepage" is null
at com.amzon.tests.SignInPageTest.setUpPage(SignInPageTest.java:17)
at java.base/java.util.ArrayList.forEach(ArrayList.java:1604)
... Removed 29 stack frames]]>
    </failure>
  </testcase> <!-- @BeforeMethod setUpPage -->
  <testcase classname="com.amazon.basetest.BaseTest" name="@AfterMethod closeBrowser" time="0.0">
    <failure type="java.lang.NullPointerException" message="Cannot invoke &amp;quot;com.amazon.base.BasePage.quiteDriver()&amp;quot; because &amp;quot;this.basepage&amp;quot; is null">
      <![CDATA[java.lang.NullPointerException: Cannot invoke "com.amazon.base.BasePage.quiteDriver()" because "this.basepage" is null
at com.amazon.basetest.BaseTest.closeBrowser(BaseTest.java:47)
at java.base/java.util.ArrayList.forEach(ArrayList.java:1604)
... Removed 30 stack frames]]>
    </failure>
  </testcase> <!-- @AfterMethod closeBrowser -->
  <testcase classname="com.amzon.tests.SignInPageTest" name="signInwithValidCredentialsTest" time="0.0">
    <skipped/>
  </testcase> <!-- signInwithValidCredentialsTest -->
  <testcase classname="com.amzon.tests.SignInPageTest" name="signInWithInvalidEmailIdTest" time="0.0">
    <ignored/>
  </testcase> <!-- signInWithInvalidEmailIdTest -->
  <testcase classname="com.amzon.tests.SignInPageTest" name="isLogoPresentTest" time="0.0">
    <ignored/>
  </testcase> <!-- isLogoPresentTest -->
  <testcase classname="com.amzon.tests.SignInPageTest" name="pageTitleTest" time="0.0">
    <ignored/>
  </testcase> <!-- pageTitleTest -->
  <testcase classname="com.amzon.tests.SignInPageTest" name="signInwithUnregisteredEmailId" time="0.0">
    <ignored/>
  </testcase> <!-- signInwithUnregisteredEmailId -->
  <testcase classname="com.amzon.tests.SignInPageTest" name="fieldsOnthePagetest" time="0.0">
    <ignored/>
  </testcase> <!-- fieldsOnthePagetest -->
  <testcase classname="com.amzon.tests.SignInPageTest" name="backAndForthScenarioTest" time="0.0">
    <ignored/>
  </testcase> <!-- backAndForthScenarioTest -->
</testsuite> <!-- Amazon Sign in page test -->
